<?xml version="1.0" encoding="UTF-8"?>
<testng-results ignored="0" total="1" passed="1" failed="0" skipped="0">
  <reporter-output>
  </reporter-output>
  <suite started-at="2023-03-02T14:17:34 IST" name="Default Suite" finished-at="2023-03-02T14:17:52 IST" duration-ms="18386">
    <groups>
    </groups>
    <test started-at="2023-03-02T14:17:34 IST" name="seleniumjson" finished-at="2023-03-02T14:17:52 IST" duration-ms="18386">
      <class name="testng">
        <test-method signature="implementation()[pri:0, instance:testng@58c1c010]" started-at="2023-03-02T14:17:34 IST" name="implementation" finished-at="2023-03-02T14:17:52 IST" duration-ms="18326" status="PASS">
          <reporter-output>
          </reporter-output>
        </test-method> <!-- implementation -->
      </class> <!-- testng -->
    </test> <!-- seleniumjson -->
  </suite> <!-- Default Suite -->
</testng-results>
